<?xml version="1.0" encoding="UTF-8"?>
<!-- Generated by org.testng.reporters.JUnitReportReporter -->
<testsuite hostname="DESKTOP-5I2RVD4" failures="0" tests="1" name="flipkart_demo.flipkart_testNG" time="25.596" errors="0" timestamp="2025-08-25T23:54:03 IST" skipped="0">
  <testcase classname="flipkart_demo.flipkart_testNG" name="open_flipkart" time="25.596"/>
</testsuite> <!-- flipkart_demo.flipkart_testNG -->
